2018-06-12 21:36:02,610 [main] INFO  [com.jeesite.common.config.Global] pk:31 - logPath: H:/jeesite/jeesiteV4.0-master/src/main/webapp/WEB-INF/classes

   _____        ___  _   _           ___
  |_   _|      / __'(_)_| |_        /   |
  _ | | __  __ \___ | |_   _| __   / /| |
 ( .| |/__\/__\ ___)| | | |_ /__\ / /_| |_
  \___|\__.\__.|____|_| \___)\__.(____   _|  :: JeeSite V4.0.2 :: 
======================================|_|==========================

    欢迎使用 企业员工管理系统 V1.0

    您当前的版本为开源版，官方网站：http://jeesite.com

    机器码是：4e2973a61f4fc4a2785e36765adba607
    产品名称：企业员工管理系统
    公司名称：全胜科技股份有限公司

===================================================================

2018-06-12 21:36:24,232 [main] DEBUG [c.j.c.mybatis.mapper.provider.SelectSqlProvider] od:129 - 2毫秒: SELECT a.status AS "status", a.create_by AS "createBy", a.create_date AS "createDate", a.update_by AS "updateBy", a.update_date AS "updateDate", a.remarks AS "remarks", a.module_code AS "moduleCode", a.module_name AS "moduleName", a.description AS "description", a.main_class_name AS "mainClassName", a.current_version AS "currentVersion", a.upgrade_info AS "upgradeInfo" FROM js_sys_module a WHERE a.status = #{sqlMap.where#status#EQ1} ORDER BY a.update_date DESC
2018-06-12 21:36:24,277 [main] DEBUG [o.m.spring.transaction.SpringManagedTransaction] SpringManagedTransaction.java:87 - JDBC Connection [com.alibaba.druid.proxy.jdbc.ConnectionProxyImpl@57bac3f0] will be managed by Spring
2018-06-12 21:36:24,343 [main] DEBUG [com.jeesite.modules.sys.dao.ModuleDao.findList] BaseJdbcLogger.java:159 - ==>  Preparing: SELECT a.status AS "status", a.create_by AS "createBy", a.create_date AS "createDate", a.update_by AS "updateBy", a.update_date AS "updateDate", a.remarks AS "remarks", a.module_code AS "moduleCode", a.module_name AS "moduleName", a.description AS "description", a.main_class_name AS "mainClassName", a.current_version AS "currentVersion", a.upgrade_info AS "upgradeInfo" FROM js_sys_module a WHERE a.status = ? ORDER BY a.update_date DESC 
2018-06-12 21:36:24,400 [main] DEBUG [com.jeesite.modules.sys.dao.ModuleDao.findList] BaseJdbcLogger.java:159 - ==> Parameters: 0(String)
2018-06-12 21:36:24,483 [main] DEBUG [com.jeesite.modules.sys.dao.ModuleDao.findList] BaseJdbcLogger.java:159 - <==      Total: 3
2018-06-12 21:36:24,926 [main] DEBUG [c.j.c.mybatis.mapper.provider.SelectSqlProvider] od:23 - 1毫秒: SELECT a.corp_code AS "corpCode", a.corp_name AS "corpName", a.status AS "status", a.create_by AS "createBy", a.create_date AS "createDate", a.update_by AS "updateBy", a.update_date AS "updateDate", a.remarks AS "remarks", a.user_code AS "userCode", a.login_code AS "loginCode", a.user_name AS "userName", a.password AS "password", a.email AS "email", a.mobile AS "mobile", a.phone AS "phone", a.sex AS "sex", a.avatar AS "avatar", a.sign AS "sign", a.wx_openid AS "wxOpenid", a.mobile_imei AS "mobileImei", a.user_type AS "userType", a.ref_code AS "refCode", a.ref_name AS "refName", a.mgr_type AS "mgrType", a.pwd_security_level AS "pwdSecurityLevel", a.pwd_update_date AS "pwdUpdateDate", a.pwd_update_record AS "pwdUpdateRecord", a.pwd_question AS "pwdQuestion", a.pwd_question_answer AS "pwdQuestionAnswer", a.pwd_question_2 AS "pwdQuestion2", a.pwd_question_answer_2 AS "pwdQuestionAnswer2", a.pwd_question_3 AS "pwdQuestion3", a.pwd_question_answer_3 AS "pwdQuestionAnswer3", a.pwd_quest_update_date AS "pwdQuestUpdateDate", a.last_login_ip AS "lastLoginIp", a.last_login_date AS "lastLoginDate", a.freeze_date AS "freezeDate", a.freeze_cause AS "freezeCause", a.user_weight AS "userWeight", a.extend_s1 AS "extend.extendS1", a.extend_s2 AS "extend.extendS2", a.extend_s3 AS "extend.extendS3", a.extend_s4 AS "extend.extendS4", a.extend_s5 AS "extend.extendS5", a.extend_s6 AS "extend.extendS6", a.extend_s7 AS "extend.extendS7", a.extend_s8 AS "extend.extendS8", a.extend_i1 AS "extend.extendI1", a.extend_i2 AS "extend.extendI2", a.extend_i3 AS "extend.extendI3", a.extend_i4 AS "extend.extendI4", a.extend_f1 AS "extend.extendF1", a.extend_f2 AS "extend.extendF2", a.extend_f3 AS "extend.extendF3", a.extend_f4 AS "extend.extendF4", a.extend_d1 AS "extend.extendD1", a.extend_d2 AS "extend.extendD2", a.extend_d3 AS "extend.extendD3", a.extend_d4 AS "extend.extendD4" FROM js_sys_user a WHERE a.`user_code` = #{userCode}
2018-06-12 21:36:24,930 [main] DEBUG [o.m.spring.transaction.SpringManagedTransaction] SpringManagedTransaction.java:87 - JDBC Connection [com.alibaba.druid.proxy.jdbc.ConnectionProxyImpl@57bac3f0] will be managed by Spring
2018-06-12 21:36:24,933 [main] DEBUG [com.jeesite.modules.sys.dao.UserDao.get] BaseJdbcLogger.java:159 - ==>  Preparing: SELECT a.corp_code AS "corpCode", a.corp_name AS "corpName", a.status AS "status", a.create_by AS "createBy", a.create_date AS "createDate", a.update_by AS "updateBy", a.update_date AS "updateDate", a.remarks AS "remarks", a.user_code AS "userCode", a.login_code AS "loginCode", a.user_name AS "userName", a.password AS "password", a.email AS "email", a.mobile AS "mobile", a.phone AS "phone", a.sex AS "sex", a.avatar AS "avatar", a.sign AS "sign", a.wx_openid AS "wxOpenid", a.mobile_imei AS "mobileImei", a.user_type AS "userType", a.ref_code AS "refCode", a.ref_name AS "refName", a.mgr_type AS "mgrType", a.pwd_security_level AS "pwdSecurityLevel", a.pwd_update_date AS "pwdUpdateDate", a.pwd_update_record AS "pwdUpdateRecord", a.pwd_question AS "pwdQuestion", a.pwd_question_answer AS "pwdQuestionAnswer", a.pwd_question_2 AS "pwdQuestion2", a.pwd_question_answer_2 AS "pwdQuestionAnswer2", a.pwd_question_3 AS "pwdQuestion3", a.pwd_question_answer_3 AS "pwdQuestionAnswer3", a.pwd_quest_update_date AS "pwdQuestUpdateDate", a.last_login_ip AS "lastLoginIp", a.last_login_date AS "lastLoginDate", a.freeze_date AS "freezeDate", a.freeze_cause AS "freezeCause", a.user_weight AS "userWeight", a.extend_s1 AS "extend.extendS1", a.extend_s2 AS "extend.extendS2", a.extend_s3 AS "extend.extendS3", a.extend_s4 AS "extend.extendS4", a.extend_s5 AS "extend.extendS5", a.extend_s6 AS "extend.extendS6", a.extend_s7 AS "extend.extendS7", a.extend_s8 AS "extend.extendS8", a.extend_i1 AS "extend.extendI1", a.extend_i2 AS "extend.extendI2", a.extend_i3 AS "extend.extendI3", a.extend_i4 AS "extend.extendI4", a.extend_f1 AS "extend.extendF1", a.extend_f2 AS "extend.extendF2", a.extend_f3 AS "extend.extendF3", a.extend_f4 AS "extend.extendF4", a.extend_d1 AS "extend.extendD1", a.extend_d2 AS "extend.extendD2", a.extend_d3 AS "extend.extendD3", a.extend_d4 AS "extend.extendD4" FROM js_sys_user a WHERE a.`user_code` = ? 
2018-06-12 21:36:24,935 [main] DEBUG [com.jeesite.modules.sys.dao.UserDao.get] BaseJdbcLogger.java:159 - ==> Parameters: system(String)
2018-06-12 21:36:24,955 [main] DEBUG [com.jeesite.modules.sys.dao.UserDao.get] BaseJdbcLogger.java:159 - <==      Total: 1
2018-06-12 21:36:25,105 [main] DEBUG [c.j.modules.sys.dao.RoleDao.findListByUserCode] BaseJdbcLogger.java:159 - ==>  Preparing: SELECT a.role_code AS "roleCode", a.role_name AS "roleName" FROM js_sys_role a JOIN js_sys_user_role ur ON a.role_code = ur.role_code WHERE a.status = ? AND ur.user_code = ? ORDER BY a.role_sort ASC 
2018-06-12 21:36:25,106 [main] DEBUG [c.j.modules.sys.dao.RoleDao.findListByUserCode] BaseJdbcLogger.java:159 - ==> Parameters: 0(String), system(String)
2018-06-12 21:36:25,118 [main] DEBUG [c.j.modules.sys.dao.RoleDao.findListByUserCode] BaseJdbcLogger.java:159 - <==      Total: 0
2018-06-12 21:36:25,259 [main] DEBUG [c.j.c.mybatis.mapper.provider.UpdateSqlProvider] fe:196 - 674毫秒: UPDATE js_sys_menu SET `status` = #{param1.status}, `update_by` = #{param1.updateBy}, `update_date` = #{param1.updateDate} WHERE status != #{param2.STATUS_DELETE} AND module_codes LIKE #{param2.sqlMap.where#module_codes#LIKE1}
2018-06-12 21:36:25,262 [main] DEBUG [c.j.modules.sys.dao.MenuDao.updateStatusByEntity] BaseJdbcLogger.java:159 - ==>  Preparing: UPDATE js_sys_menu SET `status` = ?, `update_by` = ?, `update_date` = ? WHERE status != ? AND module_codes LIKE ? 
2018-06-12 21:36:25,267 [main] DEBUG [c.j.modules.sys.dao.MenuDao.updateStatusByEntity] BaseJdbcLogger.java:159 - ==> Parameters: 0(String), system(String), 2018-06-12 21:36:25.259(Timestamp), 1(String), %core%(String)
2018-06-12 21:36:25,290 [main] DEBUG [c.j.modules.sys.dao.MenuDao.updateStatusByEntity] BaseJdbcLogger.java:159 - <==    Updates: 60
2018-06-12 21:36:25,342 [main] DEBUG [c.j.c.mybatis.mapper.provider.UpdateSqlProvider] fe:196 - 3毫秒: UPDATE js_sys_menu SET `status` = #{param1.status}, `update_by` = #{param1.updateBy}, `update_date` = #{param1.updateDate} WHERE status != #{param2.STATUS_DELETE} AND module_codes LIKE #{param2.sqlMap.where#module_codes#LIKE1}
2018-06-12 21:36:25,343 [main] DEBUG [o.m.spring.transaction.SpringManagedTransaction] SpringManagedTransaction.java:87 - JDBC Connection [com.alibaba.druid.proxy.jdbc.ConnectionProxyImpl@57bac3f0] will be managed by Spring
2018-06-12 21:36:25,344 [main] DEBUG [c.j.modules.sys.dao.MenuDao.updateStatusByEntity] BaseJdbcLogger.java:159 - ==>  Preparing: UPDATE js_sys_menu SET `status` = ?, `update_by` = ?, `update_date` = ? WHERE status != ? AND module_codes LIKE ? 
2018-06-12 21:36:25,345 [main] DEBUG [c.j.modules.sys.dao.MenuDao.updateStatusByEntity] BaseJdbcLogger.java:159 - ==> Parameters: 2(String), system(String), 2018-06-12 21:36:25.342(Timestamp), 1(String), %cms%(String)
2018-06-12 21:36:25,369 [main] DEBUG [c.j.modules.sys.dao.MenuDao.updateStatusByEntity] BaseJdbcLogger.java:159 - <==    Updates: 0
2018-06-12 21:36:25,434 [main] DEBUG [c.j.c.mybatis.mapper.provider.UpdateSqlProvider] fe:196 - 13毫秒: UPDATE js_sys_menu SET `status` = #{param1.status}, `update_by` = #{param1.updateBy}, `update_date` = #{param1.updateDate} WHERE status != #{param2.STATUS_DELETE} AND module_codes LIKE #{param2.sqlMap.where#module_codes#LIKE1}
2018-06-12 21:36:25,435 [main] DEBUG [o.m.spring.transaction.SpringManagedTransaction] SpringManagedTransaction.java:87 - JDBC Connection [com.alibaba.druid.proxy.jdbc.ConnectionProxyImpl@57bac3f0] will be managed by Spring
2018-06-12 21:36:25,437 [main] DEBUG [c.j.modules.sys.dao.MenuDao.updateStatusByEntity] BaseJdbcLogger.java:159 - ==>  Preparing: UPDATE js_sys_menu SET `status` = ?, `update_by` = ?, `update_date` = ? WHERE status != ? AND module_codes LIKE ? 
2018-06-12 21:36:25,439 [main] DEBUG [c.j.modules.sys.dao.MenuDao.updateStatusByEntity] BaseJdbcLogger.java:159 - ==> Parameters: 0(String), system(String), 2018-06-12 21:36:25.433(Timestamp), 1(String), %devtools%(String)
2018-06-12 21:36:25,463 [main] DEBUG [c.j.modules.sys.dao.MenuDao.updateStatusByEntity] BaseJdbcLogger.java:159 - <==    Updates: 19
2018-06-12 21:36:32,546 [main] DEBUG [com.jeesite.common.beetl.BeetlUtils] xg:243 - Loading beetl config: [classpath:/config/beetl-core.properties, classpath:/config/beetl.properties]
2018-06-12 21:36:42,716 [main] INFO  [o.s.b.c.e.tomcat.TomcatEmbeddedServletContainer] TomcatEmbeddedServletContainer.java:201 - Tomcat started on port(s): 8980 (http)
2018-06-12 21:36:43,025 [main] INFO  [com.jeesite.modules.config.Application] StartupInfoLogger.java:57 - Started Application in 56.602 seconds (JVM running for 67.505)
